# JRE version: Java(TM) SE Runtime Environment (8.0_101-b13) (build 1.8.0_101-b13)
# Java VM: Java HotSpot(TM) 64-Bit Server VM (25.101-b13 mixed mode bsd-amd64 compressed oops)
Heap:
 PSYoungGen      total 109568K, used 65673K [0x000000076ab00000, 0x0000000776200000, 0x00000007c0000000)
  eden space 88576K, 50% used [0x000000076ab00000,0x000000076d6a38d8,0x0000000770180000)
  from space 20992K, 99% used [0x0000000770180000,0x00000007715fec60,0x0000000771600000)
  to   space 32256K, 0% used [0x0000000774280000,0x0000000774280000,0x0000000776200000)
 ParOldGen       total 134144K, used 35658K [0x00000006c0000000, 0x00000006c8300000, 0x000000076ab00000)
  object space 134144K, 26% used [0x00000006c0000000,0x00000006c22d2ac0,0x00000006c8300000)
 Metaspace       used 26047K, capacity 26860K, committed 27008K, reserved 1073152K
  class space    used 3114K, capacity 3377K, committed 3456K, reserved 1048576K
GC Heap History (10 events):
Event: 4.640 GC heap before
{Heap before GC invocations=4 (full 0):
 PSYoungGen      total 76288K, used 48846K [0x000000076ab00000, 0x0000000770000000, 0x00000007c0000000)
  eden space 65536K, 58% used [0x000000076ab00000,0x000000076d039af8,0x000000076eb00000)
  from space 10752K, 99% used [0x000000076eb00000,0x000000076f57a0c0,0x000000076f580000)
  to   space 10752K, 0% used [0x000000076f580000,0x000000076f580000,0x0000000770000000)
 ParOldGen       total 175104K, used 743K [0x00000006c0000000, 0x00000006cab00000, 0x000000076ab00000)
  object space 175104K, 0% used [0x00000006c0000000,0x00000006c00b9f38,0x00000006cab00000)
 Metaspace       used 20776K, capacity 21200K, committed 21296K, reserved 1069056K
  class space    used 2516K, capacity 2652K, committed 2688K, reserved 1048576K
Event: 4.673 GC heap after
Heap after GC invocations=4 (full 0):
 PSYoungGen      total 76288K, used 10738K [0x000000076ab00000, 0x0000000774000000, 0x00000007c0000000)
  eden space 65536K, 0% used [0x000000076ab00000,0x000000076ab00000,0x000000076eb00000)
  from space 10752K, 99% used [0x000000076f580000,0x000000076fffcb60,0x0000000770000000)
  to   space 10752K, 0% used [0x000000076eb00000,0x000000076eb00000,0x000000076f580000)
 ParOldGen       total 175104K, used 10150K [0x00000006c0000000, 0x00000006cab00000, 0x000000076ab00000)
  object space 175104K, 5% used [0x00000006c0000000,0x00000006c09e9928,0x00000006cab00000)
 Metaspace       used 20776K, capacity 21200K, committed 21296K, reserved 1069056K
  class space    used 2516K, capacity 2652K, committed 2688K, reserved 1048576K
}
Event: 4.673 GC heap before
{Heap before GC invocations=5 (full 1):
 PSYoungGen      total 76288K, used 10738K [0x000000076ab00000, 0x0000000774000000, 0x00000007c0000000)
  eden space 65536K, 0% used [0x000000076ab00000,0x000000076ab00000,0x000000076eb00000)
  from space 10752K, 99% used [0x000000076f580000,0x000000076fffcb60,0x0000000770000000)
  to   space 10752K, 0% used [0x000000076eb00000,0x000000076eb00000,0x000000076f580000)
 ParOldGen       total 175104K, used 10150K [0x00000006c0000000, 0x00000006cab00000, 0x000000076ab00000)
  object space 175104K, 5% used [0x00000006c0000000,0x00000006c09e9928,0x00000006cab00000)
 Metaspace       used 20776K, capacity 21200K, committed 21296K, reserved 1069056K
  class space    used 2516K, capacity 2652K, committed 2688K, reserved 1048576K
Event: 4.799 GC heap after
Heap after GC invocations=5 (full 1):
 PSYoungGen      total 76288K, used 0K [0x000000076ab00000, 0x0000000774000000, 0x00000007c0000000)
  eden space 65536K, 0% used [0x000000076ab00000,0x000000076ab00000,0x000000076eb00000)
  from space 10752K, 0% used [0x000000076f580000,0x000000076f580000,0x0000000770000000)
  to   space 10752K, 0% used [0x000000076eb00000,0x000000076eb00000,0x000000076f580000)
 ParOldGen       total 134144K, used 20002K [0x00000006c0000000, 0x00000006c8300000, 0x000000076ab00000)
  object space 134144K, 14% used [0x00000006c0000000,0x00000006c1388bb8,0x00000006c8300000)
 Metaspace       used 20776K, capacity 21200K, committed 21296K, reserved 1069056K
  class space    used 2516K, capacity 2652K, committed 2688K, reserved 1048576K
}
Event: 7.233 GC heap before
{Heap before GC invocations=6 (full 1):
 PSYoungGen      total 76288K, used 65536K [0x000000076ab00000, 0x0000000774000000, 0x00000007c0000000)
  eden space 65536K, 100% used [0x000000076ab00000,0x000000076eb00000,0x000000076eb00000)
  from space 10752K, 0% used [0x000000076f580000,0x000000076f580000,0x0000000770000000)
  to   space 10752K, 0% used [0x000000076eb00000,0x000000076eb00000,0x000000076f580000)
 ParOldGen       total 134144K, used 20002K [0x00000006c0000000, 0x00000006c8300000, 0x000000076ab00000)
  object space 134144K, 14% used [0x00000006c0000000,0x00000006c1388bb8,0x00000006c8300000)
 Metaspace       used 24125K, capacity 24800K, committed 24960K, reserved 1071104K
  class space    used 2881K, capacity 3121K, committed 3200K, reserved 1048576K
Event: 7.251 GC heap after
Heap after GC invocations=6 (full 1):
 PSYoungGen      total 76288K, used 5576K [0x000000076ab00000, 0x0000000772a80000, 0x00000007c0000000)
  eden space 65536K, 0% used [0x000000076ab00000,0x000000076ab00000,0x000000076eb00000)
  from space 10752K, 51% used [0x000000076eb00000,0x000000076f0720a8,0x000000076f580000)
  to   space 20992K, 0% used [0x0000000771600000,0x0000000771600000,0x0000000772a80000)
 ParOldGen       total 134144K, used 20010K [0x00000006c0000000, 0x00000006c8300000, 0x000000076ab00000)
  object space 134144K, 14% used [0x00000006c0000000,0x00000006c138abb8,0x00000006c8300000)
 Metaspace       used 24125K, capacity 24800K, committed 24960K, reserved 1071104K
  class space    used 2881K, capacity 3121K, committed 3200K, reserved 1048576K
}
Event: 8.755 GC heap before
{Heap before GC invocations=7 (full 1):
 PSYoungGen      total 76288K, used 71112K [0x000000076ab00000, 0x0000000772a80000, 0x00000007c0000000)
  eden space 65536K, 100% used [0x000000076ab00000,0x000000076eb00000,0x000000076eb00000)
  from space 10752K, 51% used [0x000000076eb00000,0x000000076f0720a8,0x000000076f580000)
  to   space 20992K, 0% used [0x0000000771600000,0x0000000771600000,0x0000000772a80000)
 ParOldGen       total 134144K, used 20010K [0x00000006c0000000, 0x00000006c8300000, 0x000000076ab00000)
  object space 134144K, 14% used [0x00000006c0000000,0x00000006c138abb8,0x00000006c8300000)
 Metaspace       used 26043K, capacity 26860K, committed 27008K, reserved 1073152K
  class space    used 3114K, capacity 3377K, committed 3456K, reserved 1048576K
Event: 8.783 GC heap after
Heap after GC invocations=7 (full 1):
 PSYoungGen      total 109568K, used 14584K [0x000000076ab00000, 0x0000000772b80000, 0x00000007c0000000)
  eden space 88576K, 0% used [0x000000076ab00000,0x000000076ab00000,0x0000000770180000)
  from space 20992K, 69% used [0x0000000771600000,0x000000077243e0e8,0x0000000772a80000)
  to   space 20992K, 0% used [0x0000000770180000,0x0000000770180000,0x0000000771600000)
 ParOldGen       total 134144K, used 20010K [0x00000006c0000000, 0x00000006c8300000, 0x000000076ab00000)
  object space 134144K, 14% used [0x00000006c0000000,0x00000006c138abb8,0x00000006c8300000)
 Metaspace       used 26043K, capacity 26860K, committed 27008K, reserved 1073152K
  class space    used 3114K, capacity 3377K, committed 3456K, reserved 1048576K
}
Event: 10.754 GC heap before
{Heap before GC invocations=8 (full 1):
 PSYoungGen      total 109568K, used 103160K [0x000000076ab00000, 0x0000000772b80000, 0x00000007c0000000)
  eden space 88576K, 100% used [0x000000076ab00000,0x0000000770180000,0x0000000770180000)
  from space 20992K, 69% used [0x0000000771600000,0x000000077243e0e8,0x0000000772a80000)
  to   space 20992K, 0% used [0x0000000770180000,0x0000000770180000,0x0000000771600000)
 ParOldGen       total 134144K, used 20010K [0x00000006c0000000, 0x00000006c8300000, 0x000000076ab00000)
  object space 134144K, 14% used [0x00000006c0000000,0x00000006c138abb8,0x00000006c8300000)
 Metaspace       used 26045K, capacity 26860K, committed 27008K, reserved 1073152K
  class space    used 3114K, capacity 3377K, committed 3456K, reserved 1048576K
Event: 10.793 GC heap after
Heap after GC invocations=8 (full 1):
 PSYoungGen      total 109568K, used 20987K [0x000000076ab00000, 0x0000000776200000, 0x00000007c0000000)
  eden space 88576K, 0% used [0x000000076ab00000,0x000000076ab00000,0x0000000770180000)
  from space 20992K, 99% used [0x0000000770180000,0x00000007715fec60,0x0000000771600000)
  to   space 32256K, 0% used [0x0000000774280000,0x0000000774280000,0x0000000776200000)
 ParOldGen       total 134144K, used 35658K [0x00000006c0000000, 0x00000006c8300000, 0x000000076ab00000)
  object space 134144K, 26% used [0x00000006c0000000,0x00000006c22d2ac0,0x00000006c8300000)
 Metaspace       used 26045K, capacity 26860K, committed 27008K, reserved 1073152K
  class space    used 3114K, capacity 3377K, committed 3456K, reserved 1048576K
}

